
RAxML-NG v. 0.9.0 released on 20.05.2019 by The Exelixis Lab.
Developed by: Alexey M. Kozlov and Alexandros Stamatakis.
Contributors: Diego Darriba, Tomas Flouri, Benoit Morel, Sarah Lutteropp, Ben Bettisworth.
Latest version: https://github.com/amkozlov/raxml-ng
Questions/problems/suggestions? Please visit: https://groups.google.com/forum/#!forum/raxml

RAxML-NG was called at 13-Mar-2025 13:20:21 as follows:

raxml-ng --check --msa prim.phy --model GTR+G --prefix T1

Analysis options:
  run mode: Alignment validation
  start tree(s): 
  random seed: 1741890021
  SIMD kernels: AVX2
  parallelization: PTHREADS (2 threads), thread pinning: OFF

[00:00:00] Reading alignment from file: prim.phy
[00:00:00] Loaded alignment with 12 taxa and 898 sites

Alignment comprises 1 partitions and 898 patterns

Partition 0: noname
Model: GTR+FO+G4m
Alignment sites / patterns: 898 / 898
Gaps: 0.28 %
Invariant sites: 41.98 %


Alignment can be successfully read by RAxML-NG.


Execution log saved to: /Users/melettedevore/Desktop/PP563/T1.raxml.log

Analysis started: 13-Mar-2025 13:20:21 / finished: 13-Mar-2025 13:20:21

Elapsed time: 0.006 seconds

