
RAxML-NG v. 0.9.0 released on 20.05.2019 by The Exelixis Lab.
Developed by: Alexey M. Kozlov and Alexandros Stamatakis.
Contributors: Diego Darriba, Tomas Flouri, Benoit Morel, Sarah Lutteropp, Ben Bettisworth.
Latest version: https://github.com/amkozlov/raxml-ng
Questions/problems/suggestions? Please visit: https://groups.google.com/forum/#!forum/raxml

RAxML-NG was called at 03-May-2025 18:04:38 as follows:

raxml-ng --check --msa mafft-aligned-seqs.fasta --model JTT+G --prefix pM1

Analysis options:
  run mode: Alignment validation
  start tree(s): 
  random seed: 1746313478
  SIMD kernels: AVX2
  parallelization: PTHREADS (2 threads), thread pinning: OFF

[00:00:00] Reading alignment from file: mafft-aligned-seqs.fasta
[00:00:00] Loaded alignment with 14 taxa and 760 sites

Alignment comprises 1 partitions and 760 patterns

Partition 0: noname
Model: JTT+G4m
Alignment sites / patterns: 760 / 760
Gaps: 61.31 %
Invariant sites: 27.11 %


Alignment can be successfully read by RAxML-NG.


Execution log saved to: /Users/melettedevore/Desktop/PP563/project/pM1.raxml.log

Analysis started: 03-May-2025 18:04:38 / finished: 03-May-2025 18:04:38

Elapsed time: 0.004 seconds

