
RAxML-NG v. 0.9.0 released on 20.05.2019 by The Exelixis Lab.
Developed by: Alexey M. Kozlov and Alexandros Stamatakis.
Contributors: Diego Darriba, Tomas Flouri, Benoit Morel, Sarah Lutteropp, Ben Bettisworth.
Latest version: https://github.com/amkozlov/raxml-ng
Questions/problems/suggestions? Please visit: https://groups.google.com/forum/#!forum/raxml

RAxML-NG was called at 03-May-2025 17:53:44 as follows:

raxml-ng --check --msa TCoffeeAllSeqsMSA.fasta --model JTT+G --prefix pT1

Analysis options:
  run mode: Alignment validation
  start tree(s): 
  random seed: 1746312824
  SIMD kernels: AVX2
  parallelization: PTHREADS (2 threads), thread pinning: OFF

[00:00:00] Reading alignment from file: TCoffeeAllSeqsMSA.fasta
[00:00:00] Loaded alignment with 14 taxa and 852 sites

Alignment comprises 1 partitions and 852 patterns

Partition 0: noname
Model: JTT+G4m
Alignment sites / patterns: 852 / 852
Gaps: 65.48 %
Invariant sites: 37.21 %


Alignment can be successfully read by RAxML-NG.


Execution log saved to: /Users/melettedevore/Desktop/PP563/project/pT1.raxml.log

Analysis started: 03-May-2025 17:53:44 / finished: 03-May-2025 17:53:44

Elapsed time: 0.007 seconds

