
RAxML-NG v. 0.9.0 released on 20.05.2019 by The Exelixis Lab.
Developed by: Alexey M. Kozlov and Alexandros Stamatakis.
Contributors: Diego Darriba, Tomas Flouri, Benoit Morel, Sarah Lutteropp, Ben Bettisworth.
Latest version: https://github.com/amkozlov/raxml-ng
Questions/problems/suggestions? Please visit: https://groups.google.com/forum/#!forum/raxml

RAxML-NG was called at 27-Mar-2025 11:56:17 as follows:

raxml-ng --parse --msa pT1.raxml.reduced.phy --model JTT+G --prefix pT2

Analysis options:
  run mode: Alignment parsing and compression
  start tree(s): 
  random seed: 1743094577
  tip-inner: OFF
  pattern compression: ON
  per-rate scalers: OFF
  site repeats: ON
  branch lengths: proportional (ML estimate, algorithm: NR-FAST)
  SIMD kernels: AVX2
  parallelization: PTHREADS (2 threads), thread pinning: OFF

[00:00:00] Reading alignment from file: pT1.raxml.reduced.phy
[00:00:00] Loaded alignment with 47 taxa and 1116 sites

Alignment comprises 1 partitions and 892 patterns

Partition 0: noname
Model: JTT+G4m
Alignment sites / patterns: 1116 / 892
Gaps: 77.77 %
Invariant sites: 32.17 %


NOTE: Binary MSA file created: pT2.raxml.rba

* Estimated memory requirements                : 51 MB

* Recommended number of threads / MPI processes: 9

Please note that numbers given above are rough estimates only. 
Actual memory consumption and parallel performance on your system may differ!

Alignment can be successfully read by RAxML-NG.


Execution log saved to: /Users/melettedevore/Desktop/PP563/project/alignments/pT2.raxml.log

Analysis started: 27-Mar-2025 11:56:17 / finished: 27-Mar-2025 11:56:17

Elapsed time: 0.010 seconds

